build/app/intermediates/manifest_merge_blame_file/release/manifest-merger-blame-release-report.txt
1<?xml version="1.0" encoding="utf-8"?>
2<manifest xmlns:android="http://schemas.android.com/apk/res/android"
3    package="com.example.firebase_flutter"
4    android:versionCode="1"
5    android:versionName="1.0.0" >
6
7    <uses-sdk
8        android:minSdkVersion="16"
8-->src\main\AndroidManifest.xml
9        android:targetSdkVersion="28" />
9-->src\main\AndroidManifest.xml
10    <!--
11         io.flutter.app.FlutterApplication is an android.app.Application that
12         calls FlutterMain.startInitialization(this); in its onCreate method.
13         In most cases you can leave this as-is, but you if you want to provide
14         additional functionality it is fine to subclass or reimplement
15         FlutterApplication and put your custom class here.
16    -->
17
18    <uses-permission android:name="android.permission.INTERNET" />
18-->src\main\AndroidManifest.xml:9:5-66
18-->src\main\AndroidManifest.xml:9:22-64
19    <!-- Although the *SdkVersion is captured in gradle build files, this is required for non gradle builds -->
20    <!-- <uses-sdk android:minSdkVersion="14"/> -->
21    <uses-permission android:name="android.permission.ACCESS_NETWORK_STATE" />
21-->[com.google.firebase:firebase-database:17.0.0] AndroidManifest.xml:25:5-79
21-->[com.google.firebase:firebase-database:17.0.0] AndroidManifest.xml:25:22-76
22
23    <application
23-->src\main\AndroidManifest.xml:12:5-33:19
24        android:name="io.flutter.app.FlutterApplication"
24-->src\main\AndroidManifest.xml:13:9-57
25        android:appComponentFactory="androidx.core.app.CoreComponentFactory"
25-->[androidx.core:core:1.0.0] AndroidManifest.xml:22:18-86
26        android:icon="@mipmap/ic_launcher"
26-->src\main\AndroidManifest.xml:15:9-43
27        android:label="firebase_flutter" >
27-->src\main\AndroidManifest.xml:14:9-41
28        <activity
28-->src\main\AndroidManifest.xml:16:9-27:20
29            android:name="com.example.firebase_flutter.MainActivity"
29-->src\main\AndroidManifest.xml:17:13-41
30            android:configChanges="orientation|keyboardHidden|keyboard|screenSize|smallestScreenSize|locale|layoutDirection|fontScale|screenLayout|density|uiMode"
30-->src\main\AndroidManifest.xml:20:13-163
31            android:hardwareAccelerated="true"
31-->src\main\AndroidManifest.xml:21:13-47
32            android:launchMode="singleTop"
32-->src\main\AndroidManifest.xml:18:13-43
33            android:theme="@style/LaunchTheme"
33-->src\main\AndroidManifest.xml:19:13-47
34            android:windowSoftInputMode="adjustResize" >
34-->src\main\AndroidManifest.xml:22:13-55
35            <intent-filter>
35-->src\main\AndroidManifest.xml:23:13-26:29
36                <action android:name="android.intent.action.MAIN" />
36-->src\main\AndroidManifest.xml:24:17-68
36-->src\main\AndroidManifest.xml:24:25-66
37
38                <category android:name="android.intent.category.LAUNCHER" />
38-->src\main\AndroidManifest.xml:25:17-76
38-->src\main\AndroidManifest.xml:25:27-74
39            </intent-filter>
40        </activity>
41        <!--
42             Don't delete the meta-data below.
43             This is used by the Flutter tool to generate GeneratedPluginRegistrant.java
44        -->
45        <meta-data
45-->src\main\AndroidManifest.xml:30:9-32:33
46            android:name="flutterEmbedding"
46-->src\main\AndroidManifest.xml:31:13-44
47            android:value="2" />
47-->src\main\AndroidManifest.xml:32:13-30
48
49        <service android:name="com.google.firebase.components.ComponentDiscoveryService" >
49-->[:firebase_database] AndroidManifest.xml:8:9-12:19
49-->[:firebase_database] AndroidManifest.xml:8:18-89
50            <meta-data
50-->[:firebase_database] AndroidManifest.xml:9:13-11:85
51                android:name="com.google.firebase.components:io.flutter.plugins.firebase.database.FlutterFirebaseAppRegistrar"
51-->[:firebase_database] AndroidManifest.xml:10:17-127
52                android:value="com.google.firebase.components.ComponentRegistrar" />
52-->[:firebase_database] AndroidManifest.xml:11:17-82
53            <meta-data
53-->[:firebase_core] AndroidManifest.xml:9:13-11:85
54                android:name="com.google.firebase.components:io.flutter.plugins.firebase.core.FlutterFirebaseAppRegistrar"
54-->[:firebase_core] AndroidManifest.xml:10:17-123
55                android:value="com.google.firebase.components.ComponentRegistrar" />
55-->[:firebase_core] AndroidManifest.xml:11:17-82
56            <meta-data
56-->[com.google.firebase:firebase-database:17.0.0] AndroidManifest.xml:30:13-32:85
57                android:name="com.google.firebase.components:com.google.firebase.database.DatabaseRegistrar"
57-->[com.google.firebase:firebase-database:17.0.0] AndroidManifest.xml:31:17-109
58                android:value="com.google.firebase.components.ComponentRegistrar" />
58-->[com.google.firebase:firebase-database:17.0.0] AndroidManifest.xml:32:17-82
59        </service>
60
61        <provider
61-->[com.google.firebase:firebase-common:17.0.0] AndroidManifest.xml:12:9-16:39
62            android:name="com.google.firebase.provider.FirebaseInitProvider"
62-->[com.google.firebase:firebase-common:17.0.0] AndroidManifest.xml:13:13-77
63            android:authorities="com.example.firebase_flutter.firebaseinitprovider"
63-->[com.google.firebase:firebase-common:17.0.0] AndroidManifest.xml:14:13-72
64            android:exported="false"
64-->[com.google.firebase:firebase-common:17.0.0] AndroidManifest.xml:15:13-37
65            android:initOrder="100" />
65-->[com.google.firebase:firebase-common:17.0.0] AndroidManifest.xml:16:13-36
66
67        <activity
67-->[com.google.android.gms:play-services-base:16.0.1] AndroidManifest.xml:23:9-26:75
68            android:name="com.google.android.gms.common.api.GoogleApiActivity"
68-->[com.google.android.gms:play-services-base:16.0.1] AndroidManifest.xml:24:13-79
69            android:exported="false"
69-->[com.google.android.gms:play-services-base:16.0.1] AndroidManifest.xml:25:13-37
70            android:theme="@android:style/Theme.Translucent.NoTitleBar" />
70-->[com.google.android.gms:play-services-base:16.0.1] AndroidManifest.xml:26:13-72
71
72        <meta-data
72-->[com.google.android.gms:play-services-basement:16.1.0] AndroidManifest.xml:23:9-25:69
73            android:name="com.google.android.gms.version"
73-->[com.google.android.gms:play-services-basement:16.1.0] AndroidManifest.xml:24:13-58
74            android:value="@integer/google_play_services_version" />
74-->[com.google.android.gms:play-services-basement:16.1.0] AndroidManifest.xml:25:13-66
75    </application>
76
77</manifest>